[debug] [2021-10-08T13:15:16.366Z] ----------------------------------------------------------------------
[debug] [2021-10-08T13:15:16.368Z] Command:       C:\Program Files\nodejs\node.exe C:\Users\Dell\AppData\Roaming\npm\node_modules\firebase-tools\lib\bin\firebase.js init
[debug] [2021-10-08T13:15:16.369Z] CLI Version:   9.19.0
[debug] [2021-10-08T13:15:16.369Z] Platform:      win32
[debug] [2021-10-08T13:15:16.369Z] Node Version:  v14.17.4
[debug] [2021-10-08T13:15:16.369Z] Time:          Fri Oct 08 2021 18:45:16 GMT+0530 (India Standard Time)
[debug] [2021-10-08T13:15:16.369Z] ----------------------------------------------------------------------
[debug] 
[debug] [2021-10-08T13:15:16.376Z] > command requires scopes: ["email","openid","https://www.googleapis.com/auth/cloudplatformprojects.readonly","https://www.googleapis.com/auth/firebase","https://www.googleapis.com/auth/cloud-platform"]
[debug] [2021-10-08T13:15:16.377Z] > authorizing via signed-in user (rama2019ppsv@gmail.com)
[info] 
     ######## #### ########  ######## ########     ###     ######  ########
     ##        ##  ##     ## ##       ##     ##  ##   ##  ##       ##
     ######    ##  ########  ######   ########  #########  ######  ######
     ##        ##  ##    ##  ##       ##     ## ##     ##       ## ##
     ##       #### ##     ## ######## ########  ##     ##  ######  ########

You're about to initialize a Firebase project in this directory:

  E:\BWP\Project\WhatsAppClone

[info] 
=== Project Setup
[info] 
[info] First, let's associate this project directory with a Firebase project.
[info] You can create multiple project aliases by running firebase use --add, 
[info] but for now we'll just set up a default project.
[info] 
[debug] [2021-10-08T13:16:12.092Z] >>> [apiv2][query] GET https://firebase.googleapis.com/v1beta1/projects pageSize=100
[debug] [2021-10-08T13:16:13.132Z] <<< [apiv2][status] GET https://firebase.googleapis.com/v1beta1/projects 200
[debug] [2021-10-08T13:16:13.132Z] <<< [apiv2][body] GET https://firebase.googleapis.com/v1beta1/projects [omitted]
[info] i  Using project whats-app-clone-23e41 (Whats APP Clone) 
[info] 
=== Hosting Setup
[info] 
[info] Your public directory is the folder (relative to your project directory) that
[info] will contain Hosting assets to be uploaded with firebase deploy. If you
[info] have a build process for your assets, use your build's output directory.
[info] 
[debug] [2021-10-08T13:17:25.596Z] >>> [apiv2][query] GET https://www.gstatic.com/firebasejs/releases.json [none]
[debug] [2021-10-08T13:17:25.939Z] <<< [apiv2][status] GET https://www.gstatic.com/firebasejs/releases.json 200
[debug] [2021-10-08T13:17:25.940Z] <<< [apiv2][body] GET https://www.gstatic.com/firebasejs/releases.json {"current":{"version":"9.1.2","browserURL":"https://www.gstatic.com/firebasejs/9.1.2/firebase.js","packageURL":"https://www.gstatic.com/firebasejs/9.1.2/firebase.tgz"},"live":{"version":"9.1","browserURL":"https://www.gstatic.com/firebasejs/live/9.1/firebase.js","packageURL":"https://www.gstatic.com/firebasejs/live/9.1/firebase.tgz"},"components":{"analytics":"https://www.gstatic.com/firebasejs/9.1.2/firebase-analytics.js","app":"https://www.gstatic.com/firebasejs/9.1.2/firebase-app.js","app-check":"https://www.gstatic.com/firebasejs/9.1.2/firebase-app-check.js","auth":"https://www.gstatic.com/firebasejs/9.1.2/firebase-auth.js","auth/cordova":"https://www.gstatic.com/firebasejs/9.1.2/firebase-auth/cordova.js","auth/react-native":"https://www.gstatic.com/firebasejs/9.1.2/firebase-auth/react-native.js","functions":"https://www.gstatic.com/firebasejs/9.1.2/firebase-functions.js","firestore":"https://www.gstatic.com/firebasejs/9.1.2/firebase-firestore.js","firestore/lite":"https://www.gstatic.com/firebasejs/9.1.2/firebase-firestore/lite.js","storage":"https://www.gstatic.com/firebasejs/9.1.2/firebase-storage.js","performance":"https://www.gstatic.com/firebasejs/9.1.2/firebase-performance.js","remote-config":"https://www.gstatic.com/firebasejs/9.1.2/firebase-remote-config.js","messaging":"https://www.gstatic.com/firebasejs/9.1.2/firebase-messaging.js","messaging/sw":"https://www.gstatic.com/firebasejs/9.1.2/firebase-messaging/sw.js","database":"https://www.gstatic.com/firebasejs/9.1.2/firebase-database.js","firestore.memory":"https://www.gstatic.com/firebasejs/9.1.2/firebase-firestore.memory.js"}}
[info] +  Wrote build/index.html 
[info] 
[info] i  Didn't detect a .git folder. Assuming E:\BWP\Project\WhatsAppClone is the project root. 
[info] i  Authorizing with GitHub to upload your service account to a GitHub repository's secrets store. 
[info] 
[info] Visit this URL on this device to log in:
[info] https://github.com/login/oauth/authorize?client_id=89cf50f02ac6aaed3484&state=1009328148&redirect_uri=http%3A%2F%2Flocalhost%3A9005&scope=read%3Auser%20repo%20public_repo
[info] 
[info] Waiting for authentication...
[debug] [2021-10-08T13:18:25.242Z] ----------------------------------------------------------------------
[debug] [2021-10-08T13:18:25.244Z] Command:       C:\Program Files\nodejs\node.exe C:\Users\Dell\AppData\Roaming\npm\node_modules\firebase-tools\lib\bin\firebase.js init
[debug] [2021-10-08T13:18:25.244Z] CLI Version:   9.19.0
[debug] [2021-10-08T13:18:25.244Z] Platform:      win32
[debug] [2021-10-08T13:18:25.244Z] Node Version:  v14.17.4
[debug] [2021-10-08T13:18:25.245Z] Time:          Fri Oct 08 2021 18:48:25 GMT+0530 (India Standard Time)
[debug] [2021-10-08T13:18:25.245Z] ----------------------------------------------------------------------
[debug] 
[debug] [2021-10-08T13:18:25.252Z] > command requires scopes: ["email","openid","https://www.googleapis.com/auth/cloudplatformprojects.readonly","https://www.googleapis.com/auth/firebase","https://www.googleapis.com/auth/cloud-platform"]
[debug] [2021-10-08T13:18:25.252Z] > authorizing via signed-in user (rama2019ppsv@gmail.com)
[info] 
     ######## #### ########  ######## ########     ###     ######  ########
     ##        ##  ##     ## ##       ##     ##  ##   ##  ##       ##
     ######    ##  ########  ######   ########  #########  ######  ######
     ##        ##  ##    ##  ##       ##     ## ##     ##       ## ##
     ##       #### ##     ## ######## ########  ##     ##  ######  ########

You're about to initialize a Firebase project in this directory:

  E:\BWP\Project\WhatsAppClone

[info] 
=== Project Setup
[info] 
[info] First, let's associate this project directory with a Firebase project.
[info] You can create multiple project aliases by running firebase use --add, 
[info] but for now we'll just set up a default project.
[info] 
[debug] [2021-10-08T13:18:32.843Z] >>> [apiv2][query] GET https://firebase.googleapis.com/v1beta1/projects pageSize=100
[debug] [2021-10-08T13:18:33.960Z] <<< [apiv2][status] GET https://firebase.googleapis.com/v1beta1/projects 200
[debug] [2021-10-08T13:18:33.960Z] <<< [apiv2][body] GET https://firebase.googleapis.com/v1beta1/projects [omitted]
[info] i  Using project whats-app-clone-23e41 (Whats APP Clone) 
[info] 
=== Hosting Setup
[info] 
[info] Your public directory is the folder (relative to your project directory) that
[info] will contain Hosting assets to be uploaded with firebase deploy. If you
[info] have a build process for your assets, use your build's output directory.
[info] 
[debug] [2021-10-08T13:18:43.941Z] >>> [apiv2][query] GET https://www.gstatic.com/firebasejs/releases.json [none]
[debug] [2021-10-08T13:18:44.217Z] <<< [apiv2][status] GET https://www.gstatic.com/firebasejs/releases.json 200
[debug] [2021-10-08T13:18:44.217Z] <<< [apiv2][body] GET https://www.gstatic.com/firebasejs/releases.json {"current":{"version":"9.1.2","browserURL":"https://www.gstatic.com/firebasejs/9.1.2/firebase.js","packageURL":"https://www.gstatic.com/firebasejs/9.1.2/firebase.tgz"},"live":{"version":"9.1","browserURL":"https://www.gstatic.com/firebasejs/live/9.1/firebase.js","packageURL":"https://www.gstatic.com/firebasejs/live/9.1/firebase.tgz"},"components":{"analytics":"https://www.gstatic.com/firebasejs/9.1.2/firebase-analytics.js","app":"https://www.gstatic.com/firebasejs/9.1.2/firebase-app.js","app-check":"https://www.gstatic.com/firebasejs/9.1.2/firebase-app-check.js","auth":"https://www.gstatic.com/firebasejs/9.1.2/firebase-auth.js","auth/cordova":"https://www.gstatic.com/firebasejs/9.1.2/firebase-auth/cordova.js","auth/react-native":"https://www.gstatic.com/firebasejs/9.1.2/firebase-auth/react-native.js","functions":"https://www.gstatic.com/firebasejs/9.1.2/firebase-functions.js","firestore":"https://www.gstatic.com/firebasejs/9.1.2/firebase-firestore.js","firestore/lite":"https://www.gstatic.com/firebasejs/9.1.2/firebase-firestore/lite.js","storage":"https://www.gstatic.com/firebasejs/9.1.2/firebase-storage.js","performance":"https://www.gstatic.com/firebasejs/9.1.2/firebase-performance.js","remote-config":"https://www.gstatic.com/firebasejs/9.1.2/firebase-remote-config.js","messaging":"https://www.gstatic.com/firebasejs/9.1.2/firebase-messaging.js","messaging/sw":"https://www.gstatic.com/firebasejs/9.1.2/firebase-messaging/sw.js","database":"https://www.gstatic.com/firebasejs/9.1.2/firebase-database.js","firestore.memory":"https://www.gstatic.com/firebasejs/9.1.2/firebase-firestore.memory.js"}}
[debug] [2021-10-08T13:19:05.364Z] ----------------------------------------------------------------------
[debug] [2021-10-08T13:19:05.366Z] Command:       C:\Program Files\nodejs\node.exe C:\Users\Dell\AppData\Roaming\npm\node_modules\firebase-tools\lib\bin\firebase.js init
[debug] [2021-10-08T13:19:05.366Z] CLI Version:   9.19.0
[debug] [2021-10-08T13:19:05.366Z] Platform:      win32
[debug] [2021-10-08T13:19:05.367Z] Node Version:  v14.17.4
[debug] [2021-10-08T13:19:05.367Z] Time:          Fri Oct 08 2021 18:49:05 GMT+0530 (India Standard Time)
[debug] [2021-10-08T13:19:05.367Z] ----------------------------------------------------------------------
[debug] 
[debug] [2021-10-08T13:19:05.374Z] > command requires scopes: ["email","openid","https://www.googleapis.com/auth/cloudplatformprojects.readonly","https://www.googleapis.com/auth/firebase","https://www.googleapis.com/auth/cloud-platform"]
[debug] [2021-10-08T13:19:05.374Z] > authorizing via signed-in user (rama2019ppsv@gmail.com)
[info] 
     ######## #### ########  ######## ########     ###     ######  ########
     ##        ##  ##     ## ##       ##     ##  ##   ##  ##       ##
     ######    ##  ########  ######   ########  #########  ######  ######
     ##        ##  ##    ##  ##       ##     ## ##     ##       ## ##
     ##       #### ##     ## ######## ########  ##     ##  ######  ########

You're about to initialize a Firebase project in this directory:

  E:\BWP\Project\WhatsAppClone

[info] 
=== Project Setup
[info] 
[info] First, let's associate this project directory with a Firebase project.
[info] You can create multiple project aliases by running firebase use --add, 
[info] but for now we'll just set up a default project.
[info] 
[debug] [2021-10-08T13:19:12.344Z] >>> [apiv2][query] GET https://firebase.googleapis.com/v1beta1/projects pageSize=100
[debug] [2021-10-08T13:19:13.419Z] <<< [apiv2][status] GET https://firebase.googleapis.com/v1beta1/projects 200
[debug] [2021-10-08T13:19:13.420Z] <<< [apiv2][body] GET https://firebase.googleapis.com/v1beta1/projects [omitted]
[info] i  Using project whats-app-clone-23e41 (Whats APP Clone) 
[info] 
=== Hosting Setup
[info] 
[info] Your public directory is the folder (relative to your project directory) that
[info] will contain Hosting assets to be uploaded with firebase deploy. If you
[info] have a build process for your assets, use your build's output directory.
[info] 
[debug] [2021-10-08T13:19:21.132Z] >>> [apiv2][query] GET https://www.gstatic.com/firebasejs/releases.json [none]
[debug] [2021-10-08T13:19:21.910Z] <<< [apiv2][status] GET https://www.gstatic.com/firebasejs/releases.json 200
[debug] [2021-10-08T13:19:21.910Z] <<< [apiv2][body] GET https://www.gstatic.com/firebasejs/releases.json {"current":{"version":"9.1.2","browserURL":"https://www.gstatic.com/firebasejs/9.1.2/firebase.js","packageURL":"https://www.gstatic.com/firebasejs/9.1.2/firebase.tgz"},"live":{"version":"9.1","browserURL":"https://www.gstatic.com/firebasejs/live/9.1/firebase.js","packageURL":"https://www.gstatic.com/firebasejs/live/9.1/firebase.tgz"},"components":{"analytics":"https://www.gstatic.com/firebasejs/9.1.2/firebase-analytics.js","app":"https://www.gstatic.com/firebasejs/9.1.2/firebase-app.js","app-check":"https://www.gstatic.com/firebasejs/9.1.2/firebase-app-check.js","auth":"https://www.gstatic.com/firebasejs/9.1.2/firebase-auth.js","auth/cordova":"https://www.gstatic.com/firebasejs/9.1.2/firebase-auth/cordova.js","auth/react-native":"https://www.gstatic.com/firebasejs/9.1.2/firebase-auth/react-native.js","functions":"https://www.gstatic.com/firebasejs/9.1.2/firebase-functions.js","firestore":"https://www.gstatic.com/firebasejs/9.1.2/firebase-firestore.js","firestore/lite":"https://www.gstatic.com/firebasejs/9.1.2/firebase-firestore/lite.js","storage":"https://www.gstatic.com/firebasejs/9.1.2/firebase-storage.js","performance":"https://www.gstatic.com/firebasejs/9.1.2/firebase-performance.js","remote-config":"https://www.gstatic.com/firebasejs/9.1.2/firebase-remote-config.js","messaging":"https://www.gstatic.com/firebasejs/9.1.2/firebase-messaging.js","messaging/sw":"https://www.gstatic.com/firebasejs/9.1.2/firebase-messaging/sw.js","database":"https://www.gstatic.com/firebasejs/9.1.2/firebase-database.js","firestore.memory":"https://www.gstatic.com/firebasejs/9.1.2/firebase-firestore.memory.js"}}
[info] +  Wrote build/index.html 
[info] 
[info] i  Didn't detect a .git folder. Assuming E:\BWP\Project\WhatsAppClone is the project root. 
[info] i  Authorizing with GitHub to upload your service account to a GitHub repository's secrets store. 
[info] 
[info] Visit this URL on this device to log in:
[info] https://github.com/login/oauth/authorize?client_id=89cf50f02ac6aaed3484&state=535679457&redirect_uri=http%3A%2F%2Flocalhost%3A9005&scope=read%3Auser%20repo%20public_repo
[info] 
[info] Waiting for authentication...
[debug] [2021-10-08T13:19:40.314Z] >>> HTTP REQUEST POST https://github.com/login/oauth/access_token  
 {"client_id":"89cf50f02ac6aaed3484","client_secret":"3330d14abc895d9a74d5f17cd7a00711fa2c5bf0","code":"968c689da1bd7e782509","redirect_uri":"http://localhost:9005","state":"535679457"}
[debug] [2021-10-08T13:19:40.774Z] <<< HTTP RESPONSE 200 {"server":"GitHub.com","date":"Fri, 08 Oct 2021 13:19:37 GMT","content-type":"application/json; charset=utf-8","transfer-encoding":"chunked","vary":"X-PJAX, X-PJAX-Container, Accept-Encoding, Accept, X-Requested-With","permissions-policy":"interest-cohort=()","etag":"W/\"6c24e686b22bd05be0c979d008adb536\"","cache-control":"max-age=0, private, must-revalidate","strict-transport-security":"max-age=31536000; includeSubdomains; preload","x-frame-options":"deny","x-content-type-options":"nosniff","x-xss-protection":"0","referrer-policy":"origin-when-cross-origin, strict-origin-when-cross-origin","expect-ct":"max-age=2592000, report-uri=\"https://api.github.com/_private/browser/errors\"","content-security-policy":"default-src 'none'; base-uri 'self'; block-all-mixed-content; child-src github.com/assets-cdn/worker/ gist.github.com/assets-cdn/worker/; connect-src 'self' uploads.github.com www.githubstatus.com collector.githubapp.com api.github.com github-cloud.s3.amazonaws.com github-production-repository-file-5c1aeb.s3.amazonaws.com github-production-upload-manifest-file-7fdce7.s3.amazonaws.com github-production-user-asset-6210df.s3.amazonaws.com cdn.optimizely.com logx.optimizely.com/v1/events translator.github.com wss://alive.github.com; font-src github.githubassets.com; form-action 'self' github.com gist.github.com; frame-ancestors 'none'; frame-src render.githubusercontent.com viewscreen.githubusercontent.com viewscreen-lab.githubusercontent.com; img-src 'self' data: github.githubassets.com identicons.github.com collector.githubapp.com github-cloud.s3.amazonaws.com secured-user-images.githubusercontent.com/ *.githubusercontent.com; manifest-src 'self'; media-src github.com user-images.githubusercontent.com/; script-src github.githubassets.com; style-src 'unsafe-inline' github.githubassets.com; worker-src github.com/assets-cdn/worker/ gist.github.com/assets-cdn/worker/ github.com/socket-worker-0af8a29d.js gist.github.com/socket-worker-0af8a29d.js","x-github-request-id":"BFD4:676D:377C2A:3ED911:61604569"}
[debug] [2021-10-08T13:19:40.784Z] >>> [apiv2][query] GET https://api.github.com/user [none]
[debug] [2021-10-08T13:19:41.519Z] <<< [apiv2][status] GET https://api.github.com/user 200
[debug] [2021-10-08T13:19:41.520Z] <<< [apiv2][body] GET https://api.github.com/user {"login":"JaySPatel2962","id":81366309,"node_id":"MDQ6VXNlcjgxMzY2MzA5","avatar_url":"https://avatars.githubusercontent.com/u/81366309?v=4","gravatar_id":"","url":"https://api.github.com/users/JaySPatel2962","html_url":"https://github.com/JaySPatel2962","followers_url":"https://api.github.com/users/JaySPatel2962/followers","following_url":"https://api.github.com/users/JaySPatel2962/following{/other_user}","gists_url":"https://api.github.com/users/JaySPatel2962/gists{/gist_id}","starred_url":"https://api.github.com/users/JaySPatel2962/starred{/owner}{/repo}","subscriptions_url":"https://api.github.com/users/JaySPatel2962/subscriptions","organizations_url":"https://api.github.com/users/JaySPatel2962/orgs","repos_url":"https://api.github.com/users/JaySPatel2962/repos","events_url":"https://api.github.com/users/JaySPatel2962/events{/privacy}","received_events_url":"https://api.github.com/users/JaySPatel2962/received_events","type":"User","site_admin":false,"name":"Jay Subhashbhai Patel","company":null,"blog":"","location":null,"email":null,"hireable":null,"bio":null,"twitter_username":null,"public_repos":1,"public_gists":0,"followers":2,"following":2,"created_at":"2021-03-25T12:34:07Z","updated_at":"2021-09-24T08:28:14Z","private_gists":0,"total_private_repos":0,"owned_private_repos":0,"disk_usage":436,"collaborators":0,"two_factor_authentication":false,"plan":{"name":"free","space":976562499,"collaborators":0,"private_repos":10000}}
[info] 
[info] +  Success! Logged into GitHub as JaySPatel2962 
[info] 
[debug] [2021-10-08T13:20:54.772Z] >>> [apiv2][query] GET https://api.github.com/repos/JaySPatel2962/actions/secrets/public-key type=owner
[debug] [2021-10-08T13:20:55.192Z] <<< [apiv2][status] GET https://api.github.com/repos/JaySPatel2962/actions/secrets/public-key 404
[debug] [2021-10-08T13:20:55.193Z] <<< [apiv2][body] GET https://api.github.com/repos/JaySPatel2962/actions/secrets/public-key {"message":"Not Found","documentation_url":"https://docs.github.com/rest"}
[debug] [2021-10-08T13:20:56.974Z] >>> [apiv2][query] GET https://api.github.com/repos/JaySPatel2962/actions/secrets/public-key type=owner
[debug] [2021-10-08T13:20:57.769Z] <<< [apiv2][status] GET https://api.github.com/repos/JaySPatel2962/actions/secrets/public-key 404
[debug] [2021-10-08T13:20:57.770Z] <<< [apiv2][body] GET https://api.github.com/repos/JaySPatel2962/actions/secrets/public-key {"message":"Not Found","documentation_url":"https://docs.github.com/rest"}
[debug] [2021-10-08T13:20:58.823Z] >>> [apiv2][query] GET https://api.github.com/repos//actions/secrets/public-key type=owner
[debug] [2021-10-08T13:20:59.228Z] <<< [apiv2][status] GET https://api.github.com/repos//actions/secrets/public-key 404
[debug] [2021-10-08T13:20:59.229Z] <<< [apiv2][body] GET https://api.github.com/repos//actions/secrets/public-key {"message":"Not Found","documentation_url":"https://docs.github.com/rest"}
[debug] [2021-10-08T13:20:59.789Z] >>> [apiv2][query] GET https://api.github.com/repos//actions/secrets/public-key type=owner
[debug] [2021-10-08T13:21:00.189Z] <<< [apiv2][status] GET https://api.github.com/repos//actions/secrets/public-key 404
[debug] [2021-10-08T13:21:00.190Z] <<< [apiv2][body] GET https://api.github.com/repos//actions/secrets/public-key {"message":"Not Found","documentation_url":"https://docs.github.com/rest"}
[debug] [2021-10-08T13:21:00.321Z] >>> [apiv2][query] GET https://api.github.com/repos//actions/secrets/public-key type=owner
[debug] [2021-10-08T13:21:00.841Z] <<< [apiv2][status] GET https://api.github.com/repos//actions/secrets/public-key 404
[debug] [2021-10-08T13:21:00.841Z] <<< [apiv2][body] GET https://api.github.com/repos//actions/secrets/public-key {"message":"Not Found","documentation_url":"https://docs.github.com/rest"}
[debug] [2021-10-08T13:21:24.857Z] >>> [apiv2][query] GET https://api.github.com/repos/user/repository/actions/secrets/public-key type=owner
[debug] [2021-10-08T13:21:25.308Z] <<< [apiv2][status] GET https://api.github.com/repos/user/repository/actions/secrets/public-key 404
[debug] [2021-10-08T13:21:25.309Z] <<< [apiv2][body] GET https://api.github.com/repos/user/repository/actions/secrets/public-key {"message":"Not Found","documentation_url":"https://docs.github.com/rest/reference/actions#get-a-repository-public-key"}
[debug] [2021-10-08T13:21:38.227Z] >>> [apiv2][query] GET https://api.github.com/repos/JaySPatel2962/repository/actions/secrets/public-key type=owner
[debug] [2021-10-08T13:21:38.934Z] <<< [apiv2][status] GET https://api.github.com/repos/JaySPatel2962/repository/actions/secrets/public-key 404
[debug] [2021-10-08T13:21:38.934Z] <<< [apiv2][body] GET https://api.github.com/repos/JaySPatel2962/repository/actions/secrets/public-key {"message":"Not Found","documentation_url":"https://docs.github.com/rest/reference/actions#get-a-repository-public-key"}
[debug] [2021-10-08T13:21:49.594Z] >>> [apiv2][query] GET https://api.github.com/repos/JaySPatel2962//actions/secrets/public-key type=owner
[debug] [2021-10-08T13:21:50.123Z] <<< [apiv2][status] GET https://api.github.com/repos/JaySPatel2962//actions/secrets/public-key 404
[debug] [2021-10-08T13:21:50.124Z] <<< [apiv2][body] GET https://api.github.com/repos/JaySPatel2962//actions/secrets/public-key {"message":"Not Found","documentation_url":"https://docs.github.com/rest"}
[debug] [2021-10-08T13:24:10.768Z] >>> [apiv2][query] GET https://api.github.com/repos/MSU Page/actions/secrets/public-key type=owner
[debug] [2021-10-08T13:24:11.253Z] <<< [apiv2][status] GET https://api.github.com/repos/MSU Page/actions/secrets/public-key 404
[debug] [2021-10-08T13:24:11.254Z] <<< [apiv2][body] GET https://api.github.com/repos/MSU Page/actions/secrets/public-key {"message":"Not Found","documentation_url":"https://docs.github.com/rest"}
[debug] [2021-10-08T13:24:12.472Z] >>> [apiv2][query] GET https://api.github.com/repos//actions/secrets/public-key type=owner
[debug] [2021-10-08T13:24:12.886Z] >>> [apiv2][query] GET https://api.github.com/repos//actions/secrets/public-key type=owner
[debug] [2021-10-08T13:24:12.891Z] <<< [apiv2][status] GET https://api.github.com/repos//actions/secrets/public-key 404
[debug] [2021-10-08T13:24:12.892Z] <<< [apiv2][body] GET https://api.github.com/repos//actions/secrets/public-key {"message":"Not Found","documentation_url":"https://docs.github.com/rest"}
[debug] [2021-10-08T13:24:13.560Z] <<< [apiv2][status] GET https://api.github.com/repos//actions/secrets/public-key 404
[debug] [2021-10-08T13:24:13.560Z] <<< [apiv2][body] GET https://api.github.com/repos//actions/secrets/public-key {"message":"Not Found","documentation_url":"https://docs.github.com/rest"}
[debug] [2021-10-08T13:24:14.432Z] >>> [apiv2][query] GET https://api.github.com/repos//actions/secrets/public-key type=owner
[debug] [2021-10-08T13:24:14.879Z] <<< [apiv2][status] GET https://api.github.com/repos//actions/secrets/public-key 404
[debug] [2021-10-08T13:24:14.879Z] <<< [apiv2][body] GET https://api.github.com/repos//actions/secrets/public-key {"message":"Not Found","documentation_url":"https://docs.github.com/rest"}
[debug] [2021-10-08T13:24:15.944Z] >>> [apiv2][query] GET https://api.github.com/repos/njvendvjwv/actions/secrets/public-key type=owner
[debug] [2021-10-08T13:24:16.349Z] <<< [apiv2][status] GET https://api.github.com/repos/njvendvjwv/actions/secrets/public-key 404
[debug] [2021-10-08T13:24:16.349Z] <<< [apiv2][body] GET https://api.github.com/repos/njvendvjwv/actions/secrets/public-key {"message":"Not Found","documentation_url":"https://docs.github.com/rest"}
[debug] [2021-10-08T13:24:17.749Z] >>> [apiv2][query] GET https://api.github.com/repos//actions/secrets/public-key type=owner
[debug] [2021-10-08T13:24:18.286Z] <<< [apiv2][status] GET https://api.github.com/repos//actions/secrets/public-key 404
[debug] [2021-10-08T13:24:18.286Z] <<< [apiv2][body] GET https://api.github.com/repos//actions/secrets/public-key {"message":"Not Found","documentation_url":"https://docs.github.com/rest"}
[debug] [2021-10-08T13:24:20.030Z] >>> [apiv2][query] GET https://api.github.com/repos/y/actions/secrets/public-key type=owner
[debug] [2021-10-08T13:24:20.528Z] <<< [apiv2][status] GET https://api.github.com/repos/y/actions/secrets/public-key 404
[debug] [2021-10-08T13:24:20.528Z] <<< [apiv2][body] GET https://api.github.com/repos/y/actions/secrets/public-key {"message":"Not Found","documentation_url":"https://docs.github.com/rest"}
[debug] [2021-10-08T13:24:25.489Z] >>> [apiv2][query] GET https://api.github.com/repos/?/actions/secrets/public-key type=owner
[debug] [2021-10-08T13:24:25.967Z] <<< [apiv2][status] GET https://api.github.com/repos/?/actions/secrets/public-key 404
[debug] [2021-10-08T13:24:25.967Z] <<< [apiv2][body] GET https://api.github.com/repos/?/actions/secrets/public-key {"message":"Not Found","documentation_url":"https://docs.github.com/rest"}
[debug] [2021-10-08T13:24:39.906Z] >>> [apiv2][query] GET https://api.github.com/repos/user/repository/actions/secrets/public-key type=owner
[debug] [2021-10-08T13:24:40.365Z] <<< [apiv2][status] GET https://api.github.com/repos/user/repository/actions/secrets/public-key 404
[debug] [2021-10-08T13:24:40.366Z] <<< [apiv2][body] GET https://api.github.com/repos/user/repository/actions/secrets/public-key {"message":"Not Found","documentation_url":"https://docs.github.com/rest/reference/actions#get-a-repository-public-key"}
